
AVRASM ver. 2.1.30  C:\Users\Mahsa\Desktop\New folder\Debug\List\ssh.asm Fri Jun 29 15:53:59 2018

C:\Users\Mahsa\Desktop\New folder\Debug\List\ssh.asm(1088): warning: Register r4 already defined by the .DEF directive
C:\Users\Mahsa\Desktop\New folder\Debug\List\ssh.asm(1089): warning: Register r5 already defined by the .DEF directive
                 
                 
                 ;CodeVisionAVR C Compiler V3.12 Advanced
                 ;(C) Copyright 1998-2014 Pavel Haiduc, HP InfoTech s.r.l.
                 ;http://www.hpinfotech.com
                 
                 ;Build configuration    : Debug
                 ;Chip type              : ATmega32
                 ;Program type           : Application
                 ;Clock frequency        : 8.000000 MHz
                 ;Memory model           : Small
                 ;Optimize for           : Size
                 ;(s)printf features     : int, width
                 ;(s)scanf features      : int, width
                 ;External RAM size      : 0
                 ;Data Stack size        : 512 byte(s)
                 ;Heap size              : 0 byte(s)
                 ;Promote 'char' to 'int': Yes
                 ;'char' is unsigned     : Yes
                 ;8 bit enums            : Yes
                 ;Global 'const' stored in FLASH: Yes
                 ;Enhanced function parameter passing: Yes
                 ;Enhanced core instructions: On
                 ;Automatic register allocation for global variables: On
                 ;Smart register allocation: On
                 
                 	#define _MODEL_SMALL_
                 
                 	#pragma AVRPART ADMIN PART_NAME ATmega32
                 	#pragma AVRPART MEMORY PROG_FLASH 32768
                 	#pragma AVRPART MEMORY EEPROM 1024
                 	#pragma AVRPART MEMORY INT_SRAM SIZE 2048
                 	#pragma AVRPART MEMORY INT_SRAM START_ADDR 0x60
                 
                 	#define CALL_SUPPORTED 1
                 
                 	.LISTMAC
                 	.EQU UDRE=0x5
                 	.EQU RXC=0x7
                 	.EQU USR=0xB
                 	.EQU UDR=0xC
                 	.EQU SPSR=0xE
                 	.EQU SPDR=0xF
                 	.EQU EERE=0x0
                 	.EQU EEWE=0x1
                 	.EQU EEMWE=0x2
                 	.EQU EECR=0x1C
                 	.EQU EEDR=0x1D
                 	.EQU EEARL=0x1E
                 	.EQU EEARH=0x1F
                 	.EQU WDTCR=0x21
                 	.EQU MCUCR=0x35
                 	.EQU GICR=0x3B
                 	.EQU SPL=0x3D
                 	.EQU SPH=0x3E
                 	.EQU SREG=0x3F
                 
                 	.DEF R0X0=R0
                 	.DEF R0X1=R1
                 	.DEF R0X2=R2
                 	.DEF R0X3=R3
                 	.DEF R0X4=R4
                 	.DEF R0X5=R5
                 	.DEF R0X6=R6
                 	.DEF R0X7=R7
                 	.DEF R0X8=R8
                 	.DEF R0X9=R9
                 	.DEF R0XA=R10
                 	.DEF R0XB=R11
                 	.DEF R0XC=R12
                 	.DEF R0XD=R13
                 	.DEF R0XE=R14
                 	.DEF R0XF=R15
                 	.DEF R0X10=R16
                 	.DEF R0X11=R17
                 	.DEF R0X12=R18
                 	.DEF R0X13=R19
                 	.DEF R0X14=R20
                 	.DEF R0X15=R21
                 	.DEF R0X16=R22
                 	.DEF R0X17=R23
                 	.DEF R0X18=R24
                 	.DEF R0X19=R25
                 	.DEF R0X1A=R26
                 	.DEF R0X1B=R27
                 	.DEF R0X1C=R28
                 	.DEF R0X1D=R29
                 	.DEF R0X1E=R30
                 	.DEF R0X1F=R31
                 
                 	.EQU __SRAM_START=0x0060
                 	.EQU __SRAM_END=0x085F
                 	.EQU __DSTACK_SIZE=0x0200
                 	.EQU __HEAP_SIZE=0x0000
                 	.EQU __CLEAR_SRAM_SIZE=__SRAM_END-__SRAM_START+1
                 
                 	.MACRO __CPD1N
                 	CPI  R30,LOW(@0)
                 	LDI  R26,HIGH(@0)
                 	CPC  R31,R26
                 	LDI  R26,BYTE3(@0)
                 	CPC  R22,R26
                 	LDI  R26,BYTE4(@0)
                 	CPC  R23,R26
                 	.ENDM
                 
                 	.MACRO __CPD2N
                 	CPI  R26,LOW(@0)
                 	LDI  R30,HIGH(@0)
                 	CPC  R27,R30
                 	LDI  R30,BYTE3(@0)
                 	CPC  R24,R30
                 	LDI  R30,BYTE4(@0)
                 	CPC  R25,R30
                 	.ENDM
                 
                 	.MACRO __CPWRR
                 	CP   R@0,R@2
                 	CPC  R@1,R@3
                 	.ENDM
                 
                 	.MACRO __CPWRN
                 	CPI  R@0,LOW(@2)
                 	LDI  R30,HIGH(@2)
                 	CPC  R@1,R30
                 	.ENDM
                 
                 	.MACRO __ADDB1MN
                 	SUBI R30,LOW(-@0-(@1))
                 	.ENDM
                 
                 	.MACRO __ADDB2MN
                 	SUBI R26,LOW(-@0-(@1))
                 	.ENDM
                 
                 	.MACRO __ADDW1MN
                 	SUBI R30,LOW(-@0-(@1))
                 	SBCI R31,HIGH(-@0-(@1))
                 	.ENDM
                 
                 	.MACRO __ADDW2MN
                 	SUBI R26,LOW(-@0-(@1))
                 	SBCI R27,HIGH(-@0-(@1))
                 	.ENDM
                 
                 	.MACRO __ADDW1FN
                 	SUBI R30,LOW(-2*@0-(@1))
                 	SBCI R31,HIGH(-2*@0-(@1))
                 	.ENDM
                 
                 	.MACRO __ADDD1FN
                 	SUBI R30,LOW(-2*@0-(@1))
                 	SBCI R31,HIGH(-2*@0-(@1))
                 	SBCI R22,BYTE3(-2*@0-(@1))
                 	.ENDM
                 
                 	.MACRO __ADDD1N
                 	SUBI R30,LOW(-@0)
                 	SBCI R31,HIGH(-@0)
                 	SBCI R22,BYTE3(-@0)
                 	SBCI R23,BYTE4(-@0)
                 	.ENDM
                 
                 	.MACRO __ADDD2N
                 	SUBI R26,LOW(-@0)
                 	SBCI R27,HIGH(-@0)
                 	SBCI R24,BYTE3(-@0)
                 	SBCI R25,BYTE4(-@0)
                 	.ENDM
                 
                 	.MACRO __SUBD1N
                 	SUBI R30,LOW(@0)
                 	SBCI R31,HIGH(@0)
                 	SBCI R22,BYTE3(@0)
                 	SBCI R23,BYTE4(@0)
                 	.ENDM
                 
                 	.MACRO __SUBD2N
                 	SUBI R26,LOW(@0)
                 	SBCI R27,HIGH(@0)
                 	SBCI R24,BYTE3(@0)
                 	SBCI R25,BYTE4(@0)
                 	.ENDM
                 
                 	.MACRO __ANDBMNN
                 	LDS  R30,@0+(@1)
                 	ANDI R30,LOW(@2)
                 	STS  @0+(@1),R30
                 	.ENDM
                 
                 	.MACRO __ANDWMNN
                 	LDS  R30,@0+(@1)
                 	ANDI R30,LOW(@2)
                 	STS  @0+(@1),R30
                 	LDS  R30,@0+(@1)+1
                 	ANDI R30,HIGH(@2)
                 	STS  @0+(@1)+1,R30
                 	.ENDM
                 
                 	.MACRO __ANDD1N
                 	ANDI R30,LOW(@0)
                 	ANDI R31,HIGH(@0)
                 	ANDI R22,BYTE3(@0)
                 	ANDI R23,BYTE4(@0)
                 	.ENDM
                 
                 	.MACRO __ANDD2N
                 	ANDI R26,LOW(@0)
                 	ANDI R27,HIGH(@0)
                 	ANDI R24,BYTE3(@0)
                 	ANDI R25,BYTE4(@0)
                 	.ENDM
                 
                 	.MACRO __ORBMNN
                 	LDS  R30,@0+(@1)
                 	ORI  R30,LOW(@2)
                 	STS  @0+(@1),R30
                 	.ENDM
                 
                 	.MACRO __ORWMNN
                 	LDS  R30,@0+(@1)
                 	ORI  R30,LOW(@2)
                 	STS  @0+(@1),R30
                 	LDS  R30,@0+(@1)+1
                 	ORI  R30,HIGH(@2)
                 	STS  @0+(@1)+1,R30
                 	.ENDM
                 
                 	.MACRO __ORD1N
                 	ORI  R30,LOW(@0)
                 	ORI  R31,HIGH(@0)
                 	ORI  R22,BYTE3(@0)
                 	ORI  R23,BYTE4(@0)
                 	.ENDM
                 
                 	.MACRO __ORD2N
                 	ORI  R26,LOW(@0)
                 	ORI  R27,HIGH(@0)
                 	ORI  R24,BYTE3(@0)
                 	ORI  R25,BYTE4(@0)
                 	.ENDM
                 
                 	.MACRO __DELAY_USB
                 	LDI  R24,LOW(@0)
                 __DELAY_USB_LOOP:
                 	DEC  R24
                 	BRNE __DELAY_USB_LOOP
                 	.ENDM
                 
                 	.MACRO __DELAY_USW
                 	LDI  R24,LOW(@0)
                 	LDI  R25,HIGH(@0)
                 __DELAY_USW_LOOP:
                 	SBIW R24,1
                 	BRNE __DELAY_USW_LOOP
                 	.ENDM
                 
                 	.MACRO __GETD1S
                 	LDD  R30,Y+@0
                 	LDD  R31,Y+@0+1
                 	LDD  R22,Y+@0+2
                 	LDD  R23,Y+@0+3
                 	.ENDM
                 
                 	.MACRO __GETD2S
                 	LDD  R26,Y+@0
                 	LDD  R27,Y+@0+1
                 	LDD  R24,Y+@0+2
                 	LDD  R25,Y+@0+3
                 	.ENDM
                 
                 	.MACRO __PUTD1S
                 	STD  Y+@0,R30
                 	STD  Y+@0+1,R31
                 	STD  Y+@0+2,R22
                 	STD  Y+@0+3,R23
                 	.ENDM
                 
                 	.MACRO __PUTD2S
                 	STD  Y+@0,R26
                 	STD  Y+@0+1,R27
                 	STD  Y+@0+2,R24
                 	STD  Y+@0+3,R25
                 	.ENDM
                 
                 	.MACRO __PUTDZ2
                 	STD  Z+@0,R26
                 	STD  Z+@0+1,R27
                 	STD  Z+@0+2,R24
                 	STD  Z+@0+3,R25
                 	.ENDM
                 
                 	.MACRO __CLRD1S
                 	STD  Y+@0,R30
                 	STD  Y+@0+1,R30
                 	STD  Y+@0+2,R30
                 	STD  Y+@0+3,R30
                 	.ENDM
                 
                 	.MACRO __POINTB1MN
                 	LDI  R30,LOW(@0+(@1))
                 	.ENDM
                 
                 	.MACRO __POINTW1MN
                 	LDI  R30,LOW(@0+(@1))
                 	LDI  R31,HIGH(@0+(@1))
                 	.ENDM
                 
                 	.MACRO __POINTD1M
                 	LDI  R30,LOW(@0)
                 	LDI  R31,HIGH(@0)
                 	LDI  R22,BYTE3(@0)
                 	LDI  R23,BYTE4(@0)
                 	.ENDM
                 
                 	.MACRO __POINTW1FN
                 	LDI  R30,LOW(2*@0+(@1))
                 	LDI  R31,HIGH(2*@0+(@1))
                 	.ENDM
                 
                 	.MACRO __POINTD1FN
                 	LDI  R30,LOW(2*@0+(@1))
                 	LDI  R31,HIGH(2*@0+(@1))
                 	LDI  R22,BYTE3(2*@0+(@1))
                 	LDI  R23,BYTE4(2*@0+(@1))
                 	.ENDM
                 
                 	.MACRO __POINTB2MN
                 	LDI  R26,LOW(@0+(@1))
                 	.ENDM
                 
                 	.MACRO __POINTW2MN
                 	LDI  R26,LOW(@0+(@1))
                 	LDI  R27,HIGH(@0+(@1))
                 	.ENDM
                 
                 	.MACRO __POINTW2FN
                 	LDI  R26,LOW(2*@0+(@1))
                 	LDI  R27,HIGH(2*@0+(@1))
                 	.ENDM
                 
                 	.MACRO __POINTD2FN
                 	LDI  R26,LOW(2*@0+(@1))
                 	LDI  R27,HIGH(2*@0+(@1))
                 	LDI  R24,BYTE3(2*@0+(@1))
                 	LDI  R25,BYTE4(2*@0+(@1))
                 	.ENDM
                 
                 	.MACRO __POINTBRM
                 	LDI  R@0,LOW(@1)
                 	.ENDM
                 
                 	.MACRO __POINTWRM
                 	LDI  R@0,LOW(@2)
                 	LDI  R@1,HIGH(@2)
                 	.ENDM
                 
                 	.MACRO __POINTBRMN
                 	LDI  R@0,LOW(@1+(@2))
                 	.ENDM
                 
                 	.MACRO __POINTWRMN
                 	LDI  R@0,LOW(@2+(@3))
                 	LDI  R@1,HIGH(@2+(@3))
                 	.ENDM
                 
                 	.MACRO __POINTWRFN
                 	LDI  R@0,LOW(@2*2+(@3))
                 	LDI  R@1,HIGH(@2*2+(@3))
                 	.ENDM
                 
                 	.MACRO __GETD1N
                 	LDI  R30,LOW(@0)
                 	LDI  R31,HIGH(@0)
                 	LDI  R22,BYTE3(@0)
                 	LDI  R23,BYTE4(@0)
                 	.ENDM
                 
                 	.MACRO __GETD2N
                 	LDI  R26,LOW(@0)
                 	LDI  R27,HIGH(@0)
                 	LDI  R24,BYTE3(@0)
                 	LDI  R25,BYTE4(@0)
                 	.ENDM
                 
                 	.MACRO __GETB1MN
                 	LDS  R30,@0+(@1)
                 	.ENDM
                 
                 	.MACRO __GETB1HMN
                 	LDS  R31,@0+(@1)
                 	.ENDM
                 
                 	.MACRO __GETW1MN
                 	LDS  R30,@0+(@1)
                 	LDS  R31,@0+(@1)+1
                 	.ENDM
                 
                 	.MACRO __GETD1MN
                 	LDS  R30,@0+(@1)
                 	LDS  R31,@0+(@1)+1
                 	LDS  R22,@0+(@1)+2
                 	LDS  R23,@0+(@1)+3
                 	.ENDM
                 
                 	.MACRO __GETBRMN
                 	LDS  R@0,@1+(@2)
                 	.ENDM
                 
                 	.MACRO __GETWRMN
                 	LDS  R@0,@2+(@3)
                 	LDS  R@1,@2+(@3)+1
                 	.ENDM
                 
                 	.MACRO __GETWRZ
                 	LDD  R@0,Z+@2
                 	LDD  R@1,Z+@2+1
                 	.ENDM
                 
                 	.MACRO __GETD2Z
                 	LDD  R26,Z+@0
                 	LDD  R27,Z+@0+1
                 	LDD  R24,Z+@0+2
                 	LDD  R25,Z+@0+3
                 	.ENDM
                 
                 	.MACRO __GETB2MN
                 	LDS  R26,@0+(@1)
                 	.ENDM
                 
                 	.MACRO __GETW2MN
                 	LDS  R26,@0+(@1)
                 	LDS  R27,@0+(@1)+1
                 	.ENDM
                 
                 	.MACRO __GETD2MN
                 	LDS  R26,@0+(@1)
                 	LDS  R27,@0+(@1)+1
                 	LDS  R24,@0+(@1)+2
                 	LDS  R25,@0+(@1)+3
                 	.ENDM
                 
                 	.MACRO __PUTB1MN
                 	STS  @0+(@1),R30
                 	.ENDM
                 
                 	.MACRO __PUTW1MN
                 	STS  @0+(@1),R30
                 	STS  @0+(@1)+1,R31
                 	.ENDM
                 
                 	.MACRO __PUTD1MN
                 	STS  @0+(@1),R30
                 	STS  @0+(@1)+1,R31
                 	STS  @0+(@1)+2,R22
                 	STS  @0+(@1)+3,R23
                 	.ENDM
                 
                 	.MACRO __PUTB1EN
                 	LDI  R26,LOW(@0+(@1))
                 	LDI  R27,HIGH(@0+(@1))
                 	CALL __EEPROMWRB
                 	.ENDM
                 
                 	.MACRO __PUTW1EN
                 	LDI  R26,LOW(@0+(@1))
                 	LDI  R27,HIGH(@0+(@1))
                 	CALL __EEPROMWRW
                 	.ENDM
                 
                 	.MACRO __PUTD1EN
                 	LDI  R26,LOW(@0+(@1))
                 	LDI  R27,HIGH(@0+(@1))
                 	CALL __EEPROMWRD
                 	.ENDM
                 
                 	.MACRO __PUTBR0MN
                 	STS  @0+(@1),R0
                 	.ENDM
                 
                 	.MACRO __PUTBMRN
                 	STS  @0+(@1),R@2
                 	.ENDM
                 
                 	.MACRO __PUTWMRN
                 	STS  @0+(@1),R@2
                 	STS  @0+(@1)+1,R@3
                 	.ENDM
                 
                 	.MACRO __PUTBZR
                 	STD  Z+@1,R@0
                 	.ENDM
                 
                 	.MACRO __PUTWZR
                 	STD  Z+@2,R@0
                 	STD  Z+@2+1,R@1
                 	.ENDM
                 
                 	.MACRO __GETW1R
                 	MOV  R30,R@0
                 	MOV  R31,R@1
                 	.ENDM
                 
                 	.MACRO __GETW2R
                 	MOV  R26,R@0
                 	MOV  R27,R@1
                 	.ENDM
                 
                 	.MACRO __GETWRN
                 	LDI  R@0,LOW(@2)
                 	LDI  R@1,HIGH(@2)
                 	.ENDM
                 
                 	.MACRO __PUTW1R
                 	MOV  R@0,R30
                 	MOV  R@1,R31
                 	.ENDM
                 
                 	.MACRO __PUTW2R
                 	MOV  R@0,R26
                 	MOV  R@1,R27
                 	.ENDM
                 
                 	.MACRO __ADDWRN
                 	SUBI R@0,LOW(-@2)
                 	SBCI R@1,HIGH(-@2)
                 	.ENDM
                 
                 	.MACRO __ADDWRR
                 	ADD  R@0,R@2
                 	ADC  R@1,R@3
                 	.ENDM
                 
                 	.MACRO __SUBWRN
                 	SUBI R@0,LOW(@2)
                 	SBCI R@1,HIGH(@2)
                 	.ENDM
                 
                 	.MACRO __SUBWRR
                 	SUB  R@0,R@2
                 	SBC  R@1,R@3
                 	.ENDM
                 
                 	.MACRO __ANDWRN
                 	ANDI R@0,LOW(@2)
                 	ANDI R@1,HIGH(@2)
                 	.ENDM
                 
                 	.MACRO __ANDWRR
                 	AND  R@0,R@2
                 	AND  R@1,R@3
                 	.ENDM
                 
                 	.MACRO __ORWRN
                 	ORI  R@0,LOW(@2)
                 	ORI  R@1,HIGH(@2)
                 	.ENDM
                 
                 	.MACRO __ORWRR
                 	OR   R@0,R@2
                 	OR   R@1,R@3
                 	.ENDM
                 
                 	.MACRO __EORWRR
                 	EOR  R@0,R@2
                 	EOR  R@1,R@3
                 	.ENDM
                 
                 	.MACRO __GETWRS
                 	LDD  R@0,Y+@2
                 	LDD  R@1,Y+@2+1
                 	.ENDM
                 
                 	.MACRO __PUTBSR
                 	STD  Y+@1,R@0
                 	.ENDM
                 
                 	.MACRO __PUTWSR
                 	STD  Y+@2,R@0
                 	STD  Y+@2+1,R@1
                 	.ENDM
                 
                 	.MACRO __MOVEWRR
                 	MOV  R@0,R@2
                 	MOV  R@1,R@3
                 	.ENDM
                 
                 	.MACRO __INWR
                 	IN   R@0,@2
                 	IN   R@1,@2+1
                 	.ENDM
                 
                 	.MACRO __OUTWR
                 	OUT  @2+1,R@1
                 	OUT  @2,R@0
                 	.ENDM
                 
                 	.MACRO __CALL1MN
                 	LDS  R30,@0+(@1)
                 	LDS  R31,@0+(@1)+1
                 	ICALL
                 	.ENDM
                 
                 	.MACRO __CALL1FN
                 	LDI  R30,LOW(2*@0+(@1))
                 	LDI  R31,HIGH(2*@0+(@1))
                 	CALL __GETW1PF
                 	ICALL
                 	.ENDM
                 
                 	.MACRO __CALL2EN
                 	PUSH R26
                 	PUSH R27
                 	LDI  R26,LOW(@0+(@1))
                 	LDI  R27,HIGH(@0+(@1))
                 	CALL __EEPROMRDW
                 	POP  R27
                 	POP  R26
                 	ICALL
                 	.ENDM
                 
                 	.MACRO __CALL2EX
                 	SUBI R26,LOW(-@0)
                 	SBCI R27,HIGH(-@0)
                 	CALL __EEPROMRDD
                 	ICALL
                 	.ENDM
                 
                 	.MACRO __GETW1STACK
                 	IN   R30,SPL
                 	IN   R31,SPH
                 	ADIW R30,@0+1
                 	LD   R0,Z+
                 	LD   R31,Z
                 	MOV  R30,R0
                 	.ENDM
                 
                 	.MACRO __GETD1STACK
                 	IN   R30,SPL
                 	IN   R31,SPH
                 	ADIW R30,@0+1
                 	LD   R0,Z+
                 	LD   R1,Z+
                 	LD   R22,Z
                 	MOVW R30,R0
                 	.ENDM
                 
                 	.MACRO __NBST
                 	BST  R@0,@1
                 	IN   R30,SREG
                 	LDI  R31,0x40
                 	EOR  R30,R31
                 	OUT  SREG,R30
                 	.ENDM
                 
                 
                 	.MACRO __PUTB1SN
                 	LDD  R26,Y+@0
                 	LDD  R27,Y+@0+1
                 	SUBI R26,LOW(-@1)
                 	SBCI R27,HIGH(-@1)
                 	ST   X,R30
                 	.ENDM
                 
                 	.MACRO __PUTW1SN
                 	LDD  R26,Y+@0
                 	LDD  R27,Y+@0+1
                 	SUBI R26,LOW(-@1)
                 	SBCI R27,HIGH(-@1)
                 	ST   X+,R30
                 	ST   X,R31
                 	.ENDM
                 
                 	.MACRO __PUTD1SN
                 	LDD  R26,Y+@0
                 	LDD  R27,Y+@0+1
                 	SUBI R26,LOW(-@1)
                 	SBCI R27,HIGH(-@1)
                 	CALL __PUTDP1
                 	.ENDM
                 
                 	.MACRO __PUTB1SNS
                 	LDD  R26,Y+@0
                 	LDD  R27,Y+@0+1
                 	ADIW R26,@1
                 	ST   X,R30
                 	.ENDM
                 
                 	.MACRO __PUTW1SNS
                 	LDD  R26,Y+@0
                 	LDD  R27,Y+@0+1
                 	ADIW R26,@1
                 	ST   X+,R30
                 	ST   X,R31
                 	.ENDM
                 
                 	.MACRO __PUTD1SNS
                 	LDD  R26,Y+@0
                 	LDD  R27,Y+@0+1
                 	ADIW R26,@1
                 	CALL __PUTDP1
                 	.ENDM
                 
                 	.MACRO __PUTB1PMN
                 	LDS  R26,@0
                 	LDS  R27,@0+1
                 	SUBI R26,LOW(-@1)
                 	SBCI R27,HIGH(-@1)
                 	ST   X,R30
                 	.ENDM
                 
                 	.MACRO __PUTW1PMN
                 	LDS  R26,@0
                 	LDS  R27,@0+1
                 	SUBI R26,LOW(-@1)
                 	SBCI R27,HIGH(-@1)
                 	ST   X+,R30
                 	ST   X,R31
                 	.ENDM
                 
                 	.MACRO __PUTD1PMN
                 	LDS  R26,@0
                 	LDS  R27,@0+1
                 	SUBI R26,LOW(-@1)
                 	SBCI R27,HIGH(-@1)
                 	CALL __PUTDP1
                 	.ENDM
                 
                 	.MACRO __PUTB1PMNS
                 	LDS  R26,@0
                 	LDS  R27,@0+1
                 	ADIW R26,@1
                 	ST   X,R30
                 	.ENDM
                 
                 	.MACRO __PUTW1PMNS
                 	LDS  R26,@0
                 	LDS  R27,@0+1
                 	ADIW R26,@1
                 	ST   X+,R30
                 	ST   X,R31
                 	.ENDM
                 
                 	.MACRO __PUTD1PMNS
                 	LDS  R26,@0
                 	LDS  R27,@0+1
                 	ADIW R26,@1
                 	CALL __PUTDP1
                 	.ENDM
                 
                 	.MACRO __PUTB1RN
                 	MOVW R26,R@0
                 	SUBI R26,LOW(-@1)
                 	SBCI R27,HIGH(-@1)
                 	ST   X,R30
                 	.ENDM
                 
                 	.MACRO __PUTW1RN
                 	MOVW R26,R@0
                 	SUBI R26,LOW(-@1)
                 	SBCI R27,HIGH(-@1)
                 	ST   X+,R30
                 	ST   X,R31
                 	.ENDM
                 
                 	.MACRO __PUTD1RN
                 	MOVW R26,R@0
                 	SUBI R26,LOW(-@1)
                 	SBCI R27,HIGH(-@1)
                 	CALL __PUTDP1
                 	.ENDM
                 
                 	.MACRO __PUTB1RNS
                 	MOVW R26,R@0
                 	ADIW R26,@1
                 	ST   X,R30
                 	.ENDM
                 
                 	.MACRO __PUTW1RNS
                 	MOVW R26,R@0
                 	ADIW R26,@1
                 	ST   X+,R30
                 	ST   X,R31
                 	.ENDM
                 
                 	.MACRO __PUTD1RNS
                 	MOVW R26,R@0
                 	ADIW R26,@1
                 	CALL __PUTDP1
                 	.ENDM
                 
                 	.MACRO __PUTB1RON
                 	MOV  R26,R@0
                 	MOV  R27,R@1
                 	SUBI R26,LOW(-@2)
                 	SBCI R27,HIGH(-@2)
                 	ST   X,R30
                 	.ENDM
                 
                 	.MACRO __PUTW1RON
                 	MOV  R26,R@0
                 	MOV  R27,R@1
                 	SUBI R26,LOW(-@2)
                 	SBCI R27,HIGH(-@2)
                 	ST   X+,R30
                 	ST   X,R31
                 	.ENDM
                 
                 	.MACRO __PUTD1RON
                 	MOV  R26,R@0
                 	MOV  R27,R@1
                 	SUBI R26,LOW(-@2)
                 	SBCI R27,HIGH(-@2)
                 	CALL __PUTDP1
                 	.ENDM
                 
                 	.MACRO __PUTB1RONS
                 	MOV  R26,R@0
                 	MOV  R27,R@1
                 	ADIW R26,@2
                 	ST   X,R30
                 	.ENDM
                 
                 	.MACRO __PUTW1RONS
                 	MOV  R26,R@0
                 	MOV  R27,R@1
                 	ADIW R26,@2
                 	ST   X+,R30
                 	ST   X,R31
                 	.ENDM
                 
                 	.MACRO __PUTD1RONS
                 	MOV  R26,R@0
                 	MOV  R27,R@1
                 	ADIW R26,@2
                 	CALL __PUTDP1
                 	.ENDM
                 
                 
                 	.MACRO __GETB1SX
                 	MOVW R30,R28
                 	SUBI R30,LOW(-@0)
                 	SBCI R31,HIGH(-@0)
                 	LD   R30,Z
                 	.ENDM
                 
                 	.MACRO __GETB1HSX
                 	MOVW R30,R28
                 	SUBI R30,LOW(-@0)
                 	SBCI R31,HIGH(-@0)
                 	LD   R31,Z
                 	.ENDM
                 
                 	.MACRO __GETW1SX
                 	MOVW R30,R28
                 	SUBI R30,LOW(-@0)
                 	SBCI R31,HIGH(-@0)
                 	LD   R0,Z+
                 	LD   R31,Z
                 	MOV  R30,R0
                 	.ENDM
                 
                 	.MACRO __GETD1SX
                 	MOVW R30,R28
                 	SUBI R30,LOW(-@0)
                 	SBCI R31,HIGH(-@0)
                 	LD   R0,Z+
                 	LD   R1,Z+
                 	LD   R22,Z+
                 	LD   R23,Z
                 	MOVW R30,R0
                 	.ENDM
                 
                 	.MACRO __GETB2SX
                 	MOVW R26,R28
                 	SUBI R26,LOW(-@0)
                 	SBCI R27,HIGH(-@0)
                 	LD   R26,X
                 	.ENDM
                 
                 	.MACRO __GETW2SX
                 	MOVW R26,R28
                 	SUBI R26,LOW(-@0)
                 	SBCI R27,HIGH(-@0)
                 	LD   R0,X+
                 	LD   R27,X
                 	MOV  R26,R0
                 	.ENDM
                 
                 	.MACRO __GETD2SX
                 	MOVW R26,R28
                 	SUBI R26,LOW(-@0)
                 	SBCI R27,HIGH(-@0)
                 	LD   R0,X+
                 	LD   R1,X+
                 	LD   R24,X+
                 	LD   R25,X
                 	MOVW R26,R0
                 	.ENDM
                 
                 	.MACRO __GETBRSX
                 	MOVW R30,R28
                 	SUBI R30,LOW(-@1)
                 	SBCI R31,HIGH(-@1)
                 	LD   R@0,Z
                 	.ENDM
                 
                 	.MACRO __GETWRSX
                 	MOVW R30,R28
                 	SUBI R30,LOW(-@2)
                 	SBCI R31,HIGH(-@2)
                 	LD   R@0,Z+
                 	LD   R@1,Z
                 	.ENDM
                 
                 	.MACRO __GETBRSX2
                 	MOVW R26,R28
                 	SUBI R26,LOW(-@1)
                 	SBCI R27,HIGH(-@1)
                 	LD   R@0,X
                 	.ENDM
                 
                 	.MACRO __GETWRSX2
                 	MOVW R26,R28
                 	SUBI R26,LOW(-@2)
                 	SBCI R27,HIGH(-@2)
                 	LD   R@0,X+
                 	LD   R@1,X
                 	.ENDM
                 
                 	.MACRO __LSLW8SX
                 	MOVW R30,R28
                 	SUBI R30,LOW(-@0)
                 	SBCI R31,HIGH(-@0)
                 	LD   R31,Z
                 	CLR  R30
                 	.ENDM
                 
                 	.MACRO __PUTB1SX
                 	MOVW R26,R28
                 	SUBI R26,LOW(-@0)
                 	SBCI R27,HIGH(-@0)
                 	ST   X,R30
                 	.ENDM
                 
                 	.MACRO __PUTW1SX
                 	MOVW R26,R28
                 	SUBI R26,LOW(-@0)
                 	SBCI R27,HIGH(-@0)
                 	ST   X+,R30
                 	ST   X,R31
                 	.ENDM
                 
                 	.MACRO __PUTD1SX
                 	MOVW R26,R28
                 	SUBI R26,LOW(-@0)
                 	SBCI R27,HIGH(-@0)
                 	ST   X+,R30
                 	ST   X+,R31
                 	ST   X+,R22
                 	ST   X,R23
                 	.ENDM
                 
                 	.MACRO __CLRW1SX
                 	MOVW R26,R28
                 	SUBI R26,LOW(-@0)
                 	SBCI R27,HIGH(-@0)
                 	ST   X+,R30
                 	ST   X,R30
                 	.ENDM
                 
                 	.MACRO __CLRD1SX
                 	MOVW R26,R28
                 	SUBI R26,LOW(-@0)
                 	SBCI R27,HIGH(-@0)
                 	ST   X+,R30
                 	ST   X+,R30
                 	ST   X+,R30
                 	ST   X,R30
                 	.ENDM
                 
                 	.MACRO __PUTB2SX
                 	MOVW R30,R28
                 	SUBI R30,LOW(-@0)
                 	SBCI R31,HIGH(-@0)
                 	ST   Z,R26
                 	.ENDM
                 
                 	.MACRO __PUTW2SX
                 	MOVW R30,R28
                 	SUBI R30,LOW(-@0)
                 	SBCI R31,HIGH(-@0)
                 	ST   Z+,R26
                 	ST   Z,R27
                 	.ENDM
                 
                 	.MACRO __PUTD2SX
                 	MOVW R30,R28
                 	SUBI R30,LOW(-@0)
                 	SBCI R31,HIGH(-@0)
                 	ST   Z+,R26
                 	ST   Z+,R27
                 	ST   Z+,R24
                 	ST   Z,R25
                 	.ENDM
                 
                 	.MACRO __PUTBSRX
                 	MOVW R30,R28
                 	SUBI R30,LOW(-@1)
                 	SBCI R31,HIGH(-@1)
                 	ST   Z,R@0
                 	.ENDM
                 
                 	.MACRO __PUTWSRX
                 	MOVW R30,R28
                 	SUBI R30,LOW(-@2)
                 	SBCI R31,HIGH(-@2)
                 	ST   Z+,R@0
                 	ST   Z,R@1
                 	.ENDM
                 
                 	.MACRO __PUTB1SNX
                 	MOVW R26,R28
                 	SUBI R26,LOW(-@0)
                 	SBCI R27,HIGH(-@0)
                 	LD   R0,X+
                 	LD   R27,X
                 	MOV  R26,R0
                 	SUBI R26,LOW(-@1)
                 	SBCI R27,HIGH(-@1)
                 	ST   X,R30
                 	.ENDM
                 
                 	.MACRO __PUTW1SNX
                 	MOVW R26,R28
                 	SUBI R26,LOW(-@0)
                 	SBCI R27,HIGH(-@0)
                 	LD   R0,X+
                 	LD   R27,X
                 	MOV  R26,R0
                 	SUBI R26,LOW(-@1)
                 	SBCI R27,HIGH(-@1)
                 	ST   X+,R30
                 	ST   X,R31
                 	.ENDM
                 
                 	.MACRO __PUTD1SNX
                 	MOVW R26,R28
                 	SUBI R26,LOW(-@0)
                 	SBCI R27,HIGH(-@0)
                 	LD   R0,X+
                 	LD   R27,X
                 	MOV  R26,R0
                 	SUBI R26,LOW(-@1)
                 	SBCI R27,HIGH(-@1)
                 	ST   X+,R30
                 	ST   X+,R31
                 	ST   X+,R22
                 	ST   X,R23
                 	.ENDM
                 
                 	.MACRO __MULBRR
                 	MULS R@0,R@1
                 	MOVW R30,R0
                 	.ENDM
                 
                 	.MACRO __MULBRRU
                 	MUL  R@0,R@1
                 	MOVW R30,R0
                 	.ENDM
                 
                 	.MACRO __MULBRR0
                 	MULS R@0,R@1
                 	.ENDM
                 
                 	.MACRO __MULBRRU0
                 	MUL  R@0,R@1
                 	.ENDM
                 
                 	.MACRO __MULBNWRU
                 	LDI  R26,@2
                 	MUL  R26,R@0
                 	MOVW R30,R0
                 	MUL  R26,R@1
                 	ADD  R31,R0
                 	.ENDM
                 
                 ;NAME DEFINITIONS FOR GLOBAL VARIABLES ALLOCATED TO REGISTERS
                 	.DEF _cf=R4
                 	.DEF _cf_msb=R5
                 
                 	.CSEG
                 	.ORG 0x00
                 
                 ;START OF CODE MARKER
                 __START_OF_CODE:
                 
                 ;INTERRUPT VECTORS
000000 940c 0033 	JMP  __RESET
000002 940c 0000 	JMP  0x00
000004 940c 0000 	JMP  0x00
000006 940c 0000 	JMP  0x00
000008 940c 0000 	JMP  0x00
00000a 940c 0000 	JMP  0x00
00000c 940c 0000 	JMP  0x00
00000e 940c 0000 	JMP  0x00
000010 940c 0000 	JMP  0x00
000012 940c 0000 	JMP  0x00
000014 940c 0000 	JMP  0x00
000016 940c 0000 	JMP  0x00
000018 940c 0000 	JMP  0x00
00001a 940c 0000 	JMP  0x00
00001c 940c 0000 	JMP  0x00
00001e 940c 0000 	JMP  0x00
000020 940c 0000 	JMP  0x00
000022 940c 0000 	JMP  0x00
000024 940c 0000 	JMP  0x00
000026 940c 0000 	JMP  0x00
000028 940c 0000 	JMP  0x00
                 
                 _0x3:
00002a 063f
00002b 4f5b
00002c 6d66
00002d 077d      	.DB  0x3F,0x6,0x5B,0x4F,0x66,0x6D,0x7D,0x7
00002e 6f7f      	.DB  0x7F,0x6F
                 
                 __GLOBAL_INI_TBL:
00002f 000a      	.DW  0x0A
000030 0260      	.DW  _cathode_seg
000031 0054      	.DW  _0x3*2
                 
                 _0xFFFFFFFF:
000032 0000      	.DW  0
                 
                 #define __GLOBAL_INI_TBL_PRESENT 1
                 
                 __RESET:
000033 94f8      	CLI
000034 27ee      	CLR  R30
000035 bbec      	OUT  EECR,R30
                 
                 ;INTERRUPT VECTORS ARE PLACED
                 ;AT THE START OF FLASH
000036 e0f1      	LDI  R31,1
000037 bffb      	OUT  GICR,R31
000038 bfeb      	OUT  GICR,R30
000039 bfe5      	OUT  MCUCR,R30
                 
                 ;CLEAR R2-R14
00003a e08d      	LDI  R24,(14-2)+1
00003b e0a2      	LDI  R26,2
00003c 27bb      	CLR  R27
                 __CLEAR_REG:
00003d 93ed      	ST   X+,R30
00003e 958a      	DEC  R24
00003f f7e9      	BRNE __CLEAR_REG
                 
                 ;CLEAR SRAM
000040 e080      	LDI  R24,LOW(__CLEAR_SRAM_SIZE)
000041 e098      	LDI  R25,HIGH(__CLEAR_SRAM_SIZE)
000042 e6a0      	LDI  R26,__SRAM_START
                 __CLEAR_SRAM:
000043 93ed      	ST   X+,R30
000044 9701      	SBIW R24,1
000045 f7e9      	BRNE __CLEAR_SRAM
                 
                 ;GLOBAL VARIABLES INITIALIZATION
000046 e5ee      	LDI  R30,LOW(__GLOBAL_INI_TBL*2)
000047 e0f0      	LDI  R31,HIGH(__GLOBAL_INI_TBL*2)
                 __GLOBAL_INI_NEXT:
000048 9185      	LPM  R24,Z+
000049 9195      	LPM  R25,Z+
00004a 9700      	SBIW R24,0
00004b f061      	BREQ __GLOBAL_INI_END
00004c 91a5      	LPM  R26,Z+
00004d 91b5      	LPM  R27,Z+
00004e 9005      	LPM  R0,Z+
00004f 9015      	LPM  R1,Z+
000050 01bf      	MOVW R22,R30
000051 01f0      	MOVW R30,R0
                 __GLOBAL_INI_LOOP:
000052 9005      	LPM  R0,Z+
000053 920d      	ST   X+,R0
000054 9701      	SBIW R24,1
000055 f7e1      	BRNE __GLOBAL_INI_LOOP
000056 01fb      	MOVW R30,R22
000057 cff0      	RJMP __GLOBAL_INI_NEXT
                 __GLOBAL_INI_END:
                 
                 ;HARDWARE STACK POINTER INITIALIZATION
000058 e5ef      	LDI  R30,LOW(__SRAM_END-__HEAP_SIZE)
000059 bfed      	OUT  SPL,R30
00005a e0e8      	LDI  R30,HIGH(__SRAM_END-__HEAP_SIZE)
00005b bfee      	OUT  SPH,R30
                 
                 ;DATA STACK POINTER INITIALIZATION
00005c e6c0      	LDI  R28,LOW(__SRAM_START+__DSTACK_SIZE)
00005d e0d2      	LDI  R29,HIGH(__SRAM_START+__DSTACK_SIZE)
                 
00005e 940c 00b7 	JMP  _main
                 
                 	.ESEG
                 	.ORG 0
                 
                 	.DSEG
                 	.ORG 0x260
                 
                 	.CSEG
                 ;/*******************************************************
                 ;This program was created by the
                 ;CodeWizardAVR V3.12 Advanced
                 ;Automatic Program Generator
                 ;© Copyright 1998-2014 Pavel Haiduc, HP InfoTech s.r.l.
                 ;http://www.hpinfotech.com
                 ;
                 ;Project :
                 ;Version :
                 ;Date    : 6/28/2018
                 ;Author  :
                 ;Company :
                 ;Comments:
                 ;
                 ;
                 ;Chip type               : ATmega32
                 ;Program type            : Application
                 ;AVR Core Clock frequency: 8.000000 MHz
                 ;Memory model            : Small
                 ;External RAM size       : 0
                 ;Data Stack size         : 512
                 ;*******************************************************/
                 ;
                 ;#include <mega32.h>
                 	#ifndef __SLEEP_DEFINED__
                 	#define __SLEEP_DEFINED__
                 	.EQU __se_bit=0x80
                 	.EQU __sm_mask=0x70
                 	.EQU __sm_powerdown=0x20
                 	.EQU __sm_powersave=0x30
                 	.EQU __sm_standby=0x60
                 	.EQU __sm_ext_standby=0x70
                 	.EQU __sm_adc_noise_red=0x10
                 	.SET power_ctrl_reg=mcucr
                 	#endif
                 ;#include <delay.h>
                 ;//outside keys
                 ;#define o1 PINB.0
                 ;#define o2 PINB.1
                 ;#define o3 PINB.2
                 ;
                 ;
                 ;// Declare your global variables here
                 ;int cf; // variable for storing current floor
                 ;//int i=0 ;
                 ;//int opcl = 0 ;
                 ;unsigned char cathode_seg[]={0x3F,0x06,0x5B,0x4F,0x66,0x6D,0x7D,0x07,0x7F,0x6F};
                 
                 	.DSEG
                 ;
                 ;
                 ;void seven_seg(int number){
                 ; 0000 0027 void seven_seg(int number){
                 
                 	.CSEG
                 _seven_seg:
                 ; .FSTART _seven_seg
                 ; 0000 0028 PORTA = cathode_seg[number];
000060 93ba      	ST   -Y,R27
000061 93aa      	ST   -Y,R26
                 ;	number -> Y+0
000062 81e8      	LD   R30,Y
000063 81f9      	LDD  R31,Y+1
000064 5ae0      	SUBI R30,LOW(-_cathode_seg)
000065 4ffd      	SBCI R31,HIGH(-_cathode_seg)
000066 81e0      	LD   R30,Z
000067 bbeb      	OUT  0x1B,R30
                 ; 0000 0029 }
000068 c00e      	RJMP _0x2000002
                 ; .FEND
                 ;
                 ;void door (int opcl)
                 ; 0000 002C {
                 _door:
                 ; .FSTART _door
                 ; 0000 002D  if (opcl == 0)
000069 93ba      	ST   -Y,R27
00006a 93aa      	ST   -Y,R26
                 ;	opcl -> Y+0
00006b 81e8      	LD   R30,Y
00006c 81f9      	LDD  R31,Y+1
00006d 9730      	SBIW R30,0
00006e f411      	BRNE _0x4
                 ; 0000 002E  {
                 ; 0000 002F   // delay_ms(10);
                 ; 0000 0030    PORTC = 0x06; //door closes
00006f e0e6      	LDI  R30,LOW(6)
000070 c005      	RJMP _0x24
                 ; 0000 0031  }
                 ; 0000 0032  else if (opcl == 1)
                 _0x4:
000071 81a8      	LD   R26,Y
000072 81b9      	LDD  R27,Y+1
000073 9711      	SBIW R26,1
000074 f411      	BRNE _0x6
                 ; 0000 0033  {
                 ; 0000 0034  // delay_ms(10);
                 ; 0000 0035   PORTC = 0x09; //door opens
000075 e0e9      	LDI  R30,LOW(9)
                 _0x24:
000076 bbe5      	OUT  0x15,R30
                 ; 0000 0036  }
                 ; 0000 0037 }
                 _0x6:
                 _0x2000002:
000077 9622      	ADIW R28,2
000078 9508      	RET
                 ; .FEND
                 ;
                 ;void motor ( int direction , int time)
                 ; 0000 003A {
                 _motor:
                 ; .FSTART _motor
                 ; 0000 003B  door(0); //closes door
000079 93ba      	ST   -Y,R27
00007a 93aa      	ST   -Y,R26
                 ;	direction -> Y+2
                 ;	time -> Y+0
00007b e0a0      	LDI  R26,LOW(0)
00007c e0b0      	LDI  R27,0
00007d dfeb      	RCALL _door
                 ; 0000 003C   delay_ms(100);
00007e d0b6      	RCALL SUBOPT_0x0
                 ; 0000 003D //time = 10;
                 ; 0000 003E if ( direction == 0 )
00007f 81ea      	LDD  R30,Y+2
000080 81fb      	LDD  R31,Y+2+1
000081 9730      	SBIW R30,0
000082 f4e9      	BRNE _0x7
                 ; 0000 003F 
                 ; 0000 0040    {
                 ; 0000 0041       PORTD = 0x08;
000083 e0e8      	LDI  R30,LOW(8)
000084 bbe2      	OUT  0x12,R30
                 ; 0000 0042       delay_ms(100);
000085 d0af      	RCALL SUBOPT_0x0
                 ; 0000 0043       PORTD = 0x04;
000086 d0b2      	RCALL SUBOPT_0x1
                 ; 0000 0044       delay_ms(100);
                 ; 0000 0045       PORTD = 0x02;
000087 d0b4      	RCALL SUBOPT_0x2
                 ; 0000 0046       delay_ms(100);
                 ; 0000 0047       PORTD = 0x01;
000088 e0e1      	LDI  R30,LOW(1)
000089 bbe2      	OUT  0x12,R30
                 ; 0000 0048       cf--;
00008a 01f2      	MOVW R30,R4
00008b 9731      	SBIW R30,1
00008c 012f      	MOVW R4,R30
00008d 9631      	ADIW R30,1
                 ; 0000 0049       seven_seg(cf);
00008e d0b0      	RCALL SUBOPT_0x3
                 ; 0000 004A       delay_ms(100);
                 ; 0000 004B       //PORTD = 0x00;
                 ; 0000 004C       if (time == 2)
00008f 81a8      	LD   R26,Y
000090 81b9      	LDD  R27,Y+1
000091 9712      	SBIW R26,2
000092 f459      	BRNE _0x8
                 ; 0000 004D       {
                 ; 0000 004E       PORTD = 0x08;
000093 e0e8      	LDI  R30,LOW(8)
000094 bbe2      	OUT  0x12,R30
                 ; 0000 004F       delay_ms(100);
000095 d09f      	RCALL SUBOPT_0x0
                 ; 0000 0050       PORTD = 0x04;
000096 d0a2      	RCALL SUBOPT_0x1
                 ; 0000 0051       delay_ms(100);
                 ; 0000 0052       PORTD = 0x02;
000097 d0a4      	RCALL SUBOPT_0x2
                 ; 0000 0053       delay_ms(100);
                 ; 0000 0054       PORTD = 0x01;
000098 e0e1      	LDI  R30,LOW(1)
000099 bbe2      	OUT  0x12,R30
                 ; 0000 0055       cf--;
00009a 01f2      	MOVW R30,R4
00009b 9731      	SBIW R30,1
00009c 012f      	MOVW R4,R30
                 ; 0000 0056       seven_seg(cf);
00009d d0a1      	RCALL SUBOPT_0x3
                 ; 0000 0057       delay_ms(100);
                 ; 0000 0058       }
                 ; 0000 0059     //PORTD = 0x00;
                 ; 0000 005A     door(1);//opens door
                 _0x8:
00009e d0a3      	RCALL SUBOPT_0x4
                 ; 0000 005B     return ;
00009f c015      	RJMP _0x2000001
                 ; 0000 005C 
                 ; 0000 005D    }
                 ; 0000 005E else if (direction == 1){
                 _0x7:
0000a0 81aa      	LDD  R26,Y+2
0000a1 81bb      	LDD  R27,Y+2+1
0000a2 9711      	SBIW R26,1
0000a3 f489      	BRNE _0xA
                 ; 0000 005F       PORTD = 0x01;
0000a4 e0e1      	LDI  R30,LOW(1)
0000a5 bbe2      	OUT  0x12,R30
                 ; 0000 0060       delay_ms(100);
0000a6 d08e      	RCALL SUBOPT_0x0
                 ; 0000 0061       PORTD = 0x02;
0000a7 d094      	RCALL SUBOPT_0x2
                 ; 0000 0062       delay_ms(100);
                 ; 0000 0063       PORTD = 0x04;
0000a8 d090      	RCALL SUBOPT_0x1
                 ; 0000 0064       delay_ms(100);
                 ; 0000 0065       PORTD = 0x08;
0000a9 d09b      	RCALL SUBOPT_0x5
                 ; 0000 0066       cf++;
                 ; 0000 0067       seven_seg(cf);
                 ; 0000 0068       delay_ms(100);
                 ; 0000 0069 
                 ; 0000 006A   // PORTD = 0x00;
                 ; 0000 006B    if(time == 2)
0000aa 81a8      	LD   R26,Y
0000ab 81b9      	LDD  R27,Y+1
0000ac 9712      	SBIW R26,2
0000ad f431      	BRNE _0xB
                 ; 0000 006C    {
                 ; 0000 006D       PORTD = 0x01;
0000ae e0e1      	LDI  R30,LOW(1)
0000af bbe2      	OUT  0x12,R30
                 ; 0000 006E       delay_ms(100);
0000b0 d084      	RCALL SUBOPT_0x0
                 ; 0000 006F       PORTD = 0x02;
0000b1 d08a      	RCALL SUBOPT_0x2
                 ; 0000 0070       delay_ms(100);
                 ; 0000 0071       PORTD = 0x04;
0000b2 d086      	RCALL SUBOPT_0x1
                 ; 0000 0072       delay_ms(100);
                 ; 0000 0073       PORTD = 0x08;
0000b3 d091      	RCALL SUBOPT_0x5
                 ; 0000 0074       cf++;
                 ; 0000 0075       seven_seg(cf);
                 ; 0000 0076       delay_ms(100);
                 ; 0000 0077    }
                 ; 0000 0078     //PORTD = 0x00;
                 ; 0000 0079     door(1);//opens door
                 _0xB:
0000b4 d08d      	RCALL SUBOPT_0x4
                 ; 0000 007A     return ;
                 ; 0000 007B 
                 ; 0000 007C    }
                 ; 0000 007D }
                 _0xA:
                 _0x2000001:
0000b5 9624      	ADIW R28,4
0000b6 9508      	RET
                 ; .FEND
                 ;
                 ;void main(void)
                 ; 0000 0080 {
                 _main:
                 ; .FSTART _main
                 ; 0000 0081 // Declare your local variables here
                 ; 0000 0082 
                 ; 0000 0083 // Input/Output Ports initialization
                 ; 0000 0084 // Port A initialization
                 ; 0000 0085 // Function: Bit7=In Bit6=In Bit5=In Bit4=In Bit3=In Bit2=In Bit1=In Bit0=In
                 ; 0000 0086 DDRA=(1<<DDA7) | (1<<DDA6) | (1<<DDA5) | (1<<DDA4) | (1<<DDA3) | (1<<DDA2) | (1<<DDA1) | (1<<DDA0);
0000b7 efef      	LDI  R30,LOW(255)
0000b8 bbea      	OUT  0x1A,R30
                 ; 0000 0087 // State: Bit7=T Bit6=T Bit5=T Bit4=T Bit3=T Bit2=T Bit1=T Bit0=T
                 ; 0000 0088 PORTA=0xFF;
0000b9 bbeb      	OUT  0x1B,R30
                 ; 0000 0089 // Port B initialization
                 ; 0000 008A // Function: Bit7=In Bit6=In Bit5=In Bit4=In Bit3=In Bit2=In Bit1=In Bit0=In
                 ; 0000 008B DDRB=(0<<DDB7) | (0<<DDB6) | (0<<DDB5) | (0<<DDB4) | (0<<DDB3) | (0<<DDB2) | (0<<DDB1) | (0<<DDB0);
0000ba e0e0      	LDI  R30,LOW(0)
0000bb bbe7      	OUT  0x17,R30
                 ; 0000 008C // State: Bit7=T Bit6=T Bit5=T Bit4=T Bit3=T Bit2=T Bit1=T Bit0=T
                 ; 0000 008D PORTB=0xFF;
0000bc efef      	LDI  R30,LOW(255)
0000bd bbe8      	OUT  0x18,R30
                 ; 0000 008E // Port C initialization
                 ; 0000 008F // Function: Bit7=In Bit6=In Bit5=In Bit4=In Bit3=In Bit2=In Bit1=In Bit0=In
                 ; 0000 0090 DDRC=0xFF;
0000be bbe4      	OUT  0x14,R30
                 ; 0000 0091 // State: Bit7=T Bit6=T Bit5=T Bit4=T Bit3=T Bit2=T Bit1=T Bit0=T
                 ; 0000 0092 PORTC=0x00;
0000bf e0e0      	LDI  R30,LOW(0)
0000c0 bbe5      	OUT  0x15,R30
                 ; 0000 0093 
                 ; 0000 0094 // Port D initialization
                 ; 0000 0095 // Function: Bit7=In Bit6=In Bit5=In Bit4=In Bit3=In Bit2=In Bit1=In Bit0=In
                 ; 0000 0096 DDRD=0xFF;
0000c1 efef      	LDI  R30,LOW(255)
0000c2 bbe1      	OUT  0x11,R30
                 ; 0000 0097 // State: Bit7=T Bit6=T Bit5=T Bit4=T Bit3=T Bit2=T Bit1=T Bit0=T
                 ; 0000 0098 PORTD=0x00;
0000c3 e0e0      	LDI  R30,LOW(0)
0000c4 bbe2      	OUT  0x12,R30
                 ; 0000 0099 // Timer/Counter 0 initialization
                 ; 0000 009A // Clock source: System Clock
                 ; 0000 009B // Clock value: Timer 0 Stopped
                 ; 0000 009C // Mode: Normal top=0xFF
                 ; 0000 009D // OC0 output: Disconnected
                 ; 0000 009E TCCR0=(0<<WGM00) | (0<<COM01) | (0<<COM00) | (0<<WGM01) | (0<<CS02) | (0<<CS01) | (0<<CS00);
0000c5 bfe3      	OUT  0x33,R30
                 ; 0000 009F TCNT0=0x00;
0000c6 bfe2      	OUT  0x32,R30
                 ; 0000 00A0 OCR0=0x00;
0000c7 bfec      	OUT  0x3C,R30
                 ; 0000 00A1 
                 ; 0000 00A2 // Timer/Counter 1 initialization
                 ; 0000 00A3 // Clock source: System Clock
                 ; 0000 00A4 // Clock value: Timer1 Stopped
                 ; 0000 00A5 // Mode: Normal top=0xFFFF
                 ; 0000 00A6 // OC1A output: Disconnected
                 ; 0000 00A7 // OC1B output: Disconnected
                 ; 0000 00A8 // Noise Canceler: Off
                 ; 0000 00A9 // Input Capture on Falling Edge
                 ; 0000 00AA // Timer1 Overflow Interrupt: Off
                 ; 0000 00AB // Input Capture Interrupt: Off
                 ; 0000 00AC // Compare A Match Interrupt: Off
                 ; 0000 00AD // Compare B Match Interrupt: Off
                 ; 0000 00AE TCCR1A=(0<<COM1A1) | (0<<COM1A0) | (0<<COM1B1) | (0<<COM1B0) | (0<<WGM11) | (0<<WGM10);
0000c8 bdef      	OUT  0x2F,R30
                 ; 0000 00AF TCCR1B=(0<<ICNC1) | (0<<ICES1) | (0<<WGM13) | (0<<WGM12) | (0<<CS12) | (0<<CS11) | (0<<CS10);
0000c9 bdee      	OUT  0x2E,R30
                 ; 0000 00B0 TCNT1H=0x00;
0000ca bded      	OUT  0x2D,R30
                 ; 0000 00B1 TCNT1L=0x00;
0000cb bdec      	OUT  0x2C,R30
                 ; 0000 00B2 ICR1H=0x00;
0000cc bde7      	OUT  0x27,R30
                 ; 0000 00B3 ICR1L=0x00;
0000cd bde6      	OUT  0x26,R30
                 ; 0000 00B4 OCR1AH=0x00;
0000ce bdeb      	OUT  0x2B,R30
                 ; 0000 00B5 OCR1AL=0x00;
0000cf bdea      	OUT  0x2A,R30
                 ; 0000 00B6 OCR1BH=0x00;
0000d0 bde9      	OUT  0x29,R30
                 ; 0000 00B7 OCR1BL=0x00;
0000d1 bde8      	OUT  0x28,R30
                 ; 0000 00B8 
                 ; 0000 00B9 // Timer/Counter 2 initialization
                 ; 0000 00BA // Clock source: System Clock
                 ; 0000 00BB // Clock value: Timer2 Stopped
                 ; 0000 00BC // Mode: Normal top=0xFF
                 ; 0000 00BD // OC2 output: Disconnected
                 ; 0000 00BE ASSR=0<<AS2;
0000d2 bde2      	OUT  0x22,R30
                 ; 0000 00BF TCCR2=(0<<PWM2) | (0<<COM21) | (0<<COM20) | (0<<CTC2) | (0<<CS22) | (0<<CS21) | (0<<CS20);
0000d3 bde5      	OUT  0x25,R30
                 ; 0000 00C0 TCNT2=0x00;
0000d4 bde4      	OUT  0x24,R30
                 ; 0000 00C1 OCR2=0x00;
0000d5 bde3      	OUT  0x23,R30
                 ; 0000 00C2 
                 ; 0000 00C3 // Timer(s)/Counter(s) Interrupt(s) initialization
                 ; 0000 00C4 TIMSK=(0<<OCIE2) | (0<<TOIE2) | (0<<TICIE1) | (0<<OCIE1A) | (0<<OCIE1B) | (0<<TOIE1) | (0<<OCIE0) | (0<<TOIE0);
0000d6 bfe9      	OUT  0x39,R30
                 ; 0000 00C5 
                 ; 0000 00C6 // External Interrupt(s) initialization
                 ; 0000 00C7 // INT0: Off
                 ; 0000 00C8 // INT1: Off
                 ; 0000 00C9 // INT2: Off
                 ; 0000 00CA MCUCR=(0<<ISC11) | (0<<ISC10) | (0<<ISC01) | (0<<ISC00);
0000d7 bfe5      	OUT  0x35,R30
                 ; 0000 00CB MCUCSR=(0<<ISC2);
0000d8 bfe4      	OUT  0x34,R30
                 ; 0000 00CC 
                 ; 0000 00CD // USART initialization
                 ; 0000 00CE // USART disabled
                 ; 0000 00CF UCSRB=(0<<RXCIE) | (0<<TXCIE) | (0<<UDRIE) | (0<<RXEN) | (0<<TXEN) | (0<<UCSZ2) | (0<<RXB8) | (0<<TXB8);
0000d9 b9ea      	OUT  0xA,R30
                 ; 0000 00D0 
                 ; 0000 00D1 // Analog Comparator initialization
                 ; 0000 00D2 // Analog Comparator: Off
                 ; 0000 00D3 // The Analog Comparator's positive input is
                 ; 0000 00D4 // connected to the AIN0 pin
                 ; 0000 00D5 // The Analog Comparator's negative input is
                 ; 0000 00D6 // connected to the AIN1 pin
                 ; 0000 00D7 ACSR=(1<<ACD) | (0<<ACBG) | (0<<ACO) | (0<<ACI) | (0<<ACIE) | (0<<ACIC) | (0<<ACIS1) | (0<<ACIS0);
0000da e8e0      	LDI  R30,LOW(128)
0000db b9e8      	OUT  0x8,R30
                 ; 0000 00D8 SFIOR=(0<<ACME);
0000dc e0e0      	LDI  R30,LOW(0)
0000dd bfe0      	OUT  0x30,R30
                 ; 0000 00D9 
                 ; 0000 00DA // ADC initialization
                 ; 0000 00DB // ADC disabled
                 ; 0000 00DC ADCSRA=(0<<ADEN) | (0<<ADSC) | (0<<ADATE) | (0<<ADIF) | (0<<ADIE) | (0<<ADPS2) | (0<<ADPS1) | (0<<ADPS0);
0000de b9e6      	OUT  0x6,R30
                 ; 0000 00DD 
                 ; 0000 00DE // SPI initialization
                 ; 0000 00DF // SPI disabled
                 ; 0000 00E0 SPCR=(0<<SPIE) | (0<<SPE) | (0<<DORD) | (0<<MSTR) | (0<<CPOL) | (0<<CPHA) | (0<<SPR1) | (0<<SPR0);
0000df b9ed      	OUT  0xD,R30
                 ; 0000 00E1 
                 ; 0000 00E2 // TWI initialization
                 ; 0000 00E3 // TWI disabled
                 ; 0000 00E4 TWCR=(0<<TWEA) | (0<<TWSTA) | (0<<TWSTO) | (0<<TWEN) | (0<<TWIE);
0000e0 bfe6      	OUT  0x36,R30
                 ; 0000 00E5 cf = 1;
0000e1 e0e1      	LDI  R30,LOW(1)
0000e2 e0f0      	LDI  R31,HIGH(1)
0000e3 012f      	MOVW R4,R30
                 ; 0000 00E6 seven_seg(cf);
0000e4 01d2      	MOVW R26,R4
0000e5 df7a      	RCALL _seven_seg
                 ; 0000 00E7 
                 ; 0000 00E8 while (1)
                 _0xC:
                 ; 0000 00E9       {
                 ; 0000 00EA       if(cf == 1){
0000e6 e0e1      	LDI  R30,LOW(1)
0000e7 e0f0      	LDI  R31,HIGH(1)
0000e8 15e4      	CP   R30,R4
0000e9 05f5      	CPC  R31,R5
0000ea f4b1      	BRNE _0xF
                 ; 0000 00EB         if(o1 == 0){ door(1) ; // opens door
0000eb 99b0      	SBIC 0x16,0
0000ec c002      	RJMP _0x10
0000ed d054      	RCALL SUBOPT_0x4
                 ; 0000 00EC         }
                 ; 0000 00ED         else if (o2 == 0)
0000ee c011      	RJMP _0x11
                 _0x10:
0000ef 99b1      	SBIC 0x16,1
0000f0 c006      	RJMP _0x12
                 ; 0000 00EE         {
                 ; 0000 00EF         motor(1,1);
0000f1 e0e1      	LDI  R30,LOW(1)
0000f2 e0f0      	LDI  R31,HIGH(1)
0000f3 93fa      	ST   -Y,R31
0000f4 93ea      	ST   -Y,R30
0000f5 e0a1      	LDI  R26,LOW(1)
0000f6 c007      	RJMP _0x25
                 ; 0000 00F0         }
                 ; 0000 00F1         else if (o3 == 0)
                 _0x12:
0000f7 99b2      	SBIC 0x16,2
0000f8 c007      	RJMP _0x14
                 ; 0000 00F2         {
                 ; 0000 00F3         motor(1,2);
0000f9 e0e1      	LDI  R30,LOW(1)
0000fa e0f0      	LDI  R31,HIGH(1)
0000fb 93fa      	ST   -Y,R31
0000fc 93ea      	ST   -Y,R30
0000fd e0a2      	LDI  R26,LOW(2)
                 _0x25:
0000fe e0b0      	LDI  R27,0
0000ff df79      	RCALL _motor
                 ; 0000 00F4         }
                 ; 0000 00F5       }
                 _0x14:
                 _0x11:
                 ; 0000 00F6       else if(cf == 2){
000100 c032      	RJMP _0x15
                 _0xF:
000101 e0e2      	LDI  R30,LOW(2)
000102 e0f0      	LDI  R31,HIGH(2)
000103 15e4      	CP   R30,R4
000104 05f5      	CPC  R31,R5
000105 f499      	BRNE _0x16
                 ; 0000 00F7         if(o2 == 0){ door(1); //opens door
000106 99b1      	SBIC 0x16,1
000107 c002      	RJMP _0x17
000108 d039      	RCALL SUBOPT_0x4
                 ; 0000 00F8       }
                 ; 0000 00F9         else if (o1 == 0){
000109 c00e      	RJMP _0x18
                 _0x17:
00010a 99b0      	SBIC 0x16,0
00010b c003      	RJMP _0x19
                 ; 0000 00FA         motor(0,1);
00010c e0e0      	LDI  R30,LOW(0)
00010d e0f0      	LDI  R31,HIGH(0)
00010e c004      	RJMP _0x26
                 ; 0000 00FB         }
                 ; 0000 00FC         else if (o3 == 0) {
                 _0x19:
00010f 99b2      	SBIC 0x16,2
000110 c007      	RJMP _0x1B
                 ; 0000 00FD         motor(1,1);}
000111 e0e1      	LDI  R30,LOW(1)
000112 e0f0      	LDI  R31,HIGH(1)
                 _0x26:
000113 93fa      	ST   -Y,R31
000114 93ea      	ST   -Y,R30
000115 e0a1      	LDI  R26,LOW(1)
000116 e0b0      	LDI  R27,0
000117 df61      	RCALL _motor
                 ; 0000 00FE       }
                 _0x1B:
                 _0x18:
                 ; 0000 00FF       else if (cf==3) {
000118 c01a      	RJMP _0x1C
                 _0x16:
000119 e0e3      	LDI  R30,LOW(3)
00011a e0f0      	LDI  R31,HIGH(3)
00011b 15e4      	CP   R30,R4
00011c 05f5      	CPC  R31,R5
00011d f4a9      	BRNE _0x1D
                 ; 0000 0100       if(o3 == 0){door(1); //opens door
00011e 99b2      	SBIC 0x16,2
00011f c002      	RJMP _0x1E
000120 d021      	RCALL SUBOPT_0x4
                 ; 0000 0101       }
                 ; 0000 0102         else if (o2 == 0){
000121 c011      	RJMP _0x1F
                 _0x1E:
000122 99b1      	SBIC 0x16,1
000123 c006      	RJMP _0x20
                 ; 0000 0103         motor(0,1);}
000124 e0e0      	LDI  R30,LOW(0)
000125 e0f0      	LDI  R31,HIGH(0)
000126 93fa      	ST   -Y,R31
000127 93ea      	ST   -Y,R30
000128 e0a1      	LDI  R26,LOW(1)
000129 c007      	RJMP _0x27
                 ; 0000 0104         else if (o1 == 0) {
                 _0x20:
00012a 99b0      	SBIC 0x16,0
00012b c007      	RJMP _0x22
                 ; 0000 0105         motor(0,2);}
00012c e0e0      	LDI  R30,LOW(0)
00012d e0f0      	LDI  R31,HIGH(0)
00012e 93fa      	ST   -Y,R31
00012f 93ea      	ST   -Y,R30
000130 e0a2      	LDI  R26,LOW(2)
                 _0x27:
000131 e0b0      	LDI  R27,0
000132 df46      	RCALL _motor
                 ; 0000 0106       }
                 _0x22:
                 _0x1F:
                 ; 0000 0107 
                 ; 0000 0108       }
                 _0x1D:
                 _0x1C:
                 _0x15:
000133 cfb2      	RJMP _0xC
                 ; 0000 0109 }
                 _0x23:
000134 cfff      	RJMP _0x23
                 ; .FEND
                 
                 	.DSEG
                 _cathode_seg:
000260           	.BYTE 0xA
                 
                 	.CSEG
                 ;OPTIMIZER ADDED SUBROUTINE, CALLED 17 TIMES, CODE SIZE REDUCTION:29 WORDS
                 SUBOPT_0x0:
000135 e6a4      	LDI  R26,LOW(100)
000136 e0b0      	LDI  R27,0
000137 940c 014b 	JMP  _delay_ms
                 
                 ;OPTIMIZER ADDED SUBROUTINE, CALLED 4 TIMES, CODE SIZE REDUCTION:3 WORDS
                 SUBOPT_0x1:
000139 e0e4      	LDI  R30,LOW(4)
00013a bbe2      	OUT  0x12,R30
00013b cff9      	RJMP SUBOPT_0x0
                 
                 ;OPTIMIZER ADDED SUBROUTINE, CALLED 4 TIMES, CODE SIZE REDUCTION:3 WORDS
                 SUBOPT_0x2:
00013c e0e2      	LDI  R30,LOW(2)
00013d bbe2      	OUT  0x12,R30
00013e cff6      	RJMP SUBOPT_0x0
                 
                 ;OPTIMIZER ADDED SUBROUTINE, CALLED 4 TIMES, CODE SIZE REDUCTION:6 WORDS
                 SUBOPT_0x3:
00013f 01d2      	MOVW R26,R4
000140 df1f      	RCALL _seven_seg
000141 cff3      	RJMP SUBOPT_0x0
                 
                 ;OPTIMIZER ADDED SUBROUTINE, CALLED 5 TIMES, CODE SIZE REDUCTION:5 WORDS
                 SUBOPT_0x4:
000142 e0a1      	LDI  R26,LOW(1)
000143 e0b0      	LDI  R27,0
000144 cf24      	RJMP _door
                 
                 ;OPTIMIZER ADDED SUBROUTINE, CALLED 2 TIMES, CODE SIZE REDUCTION:2 WORDS
                 SUBOPT_0x5:
000145 e0e8      	LDI  R30,LOW(8)
000146 bbe2      	OUT  0x12,R30
000147 01f2      	MOVW R30,R4
000148 9631      	ADIW R30,1
000149 012f      	MOVW R4,R30
00014a cff4      	RJMP SUBOPT_0x3
                 
                 
                 	.CSEG
                 _delay_ms:
00014b 9610      	adiw r26,0
00014c f039      	breq __delay_ms1
                 __delay_ms0:
                +
00014d ed80     +LDI R24 , LOW ( 0x7D0 )
00014e e097     +LDI R25 , HIGH ( 0x7D0 )
                +__DELAY_USW_LOOP :
00014f 9701     +SBIW R24 , 1
000150 f7f1     +BRNE __DELAY_USW_LOOP
                 	__DELAY_USW 0x7D0
000151 95a8      	wdr
000152 9711      	sbiw r26,1
000153 f7c9      	brne __delay_ms0
                 __delay_ms1:
000154 9508      	ret
                 
                 ;END OF CODE MARKER
                 __END_OF_CODE:


RESOURCE USE INFORMATION
------------------------

Notice:
The register and instruction counts are symbol table hit counts,
and hence implicitly used resources are not counted, eg, the
'lpm' instruction without operands implicitly uses r0 and z,
none of which are counted.

x,y,z are separate entities in the symbol table and are
counted separately from r26..r31 here.

.dseg memory usage only counts static data declared with .byte

ATmega32 register use summary:
r0 :   4 r1 :   1 r2 :   0 r3 :   0 r4 :  12 r5 :   3 r6 :   0 r7 :   0 
r8 :   0 r9 :   0 r10:   0 r11:   0 r12:   0 r13:   0 r14:   0 r15:   0 
r16:   0 r17:   0 r18:   0 r19:   0 r20:   0 r21:   0 r22:   2 r23:   0 
r24:   9 r25:   3 r26:  26 r27:  15 r28:   3 r29:   1 r30: 114 r31:  25 
x  :   3 y  :  30 z  :   8 
Registers used: 16 out of 35 (45.7%)

ATmega32 instruction use summary:
.lds  :   0 .lds.l:   0 .sts  :   0 .sts.l:   0 adc   :   0 add   :   0 
adiw  :   5 and   :   0 andi  :   0 asr   :   0 bclr  :   0 bld   :   0 
brbc  :   0 brbs  :   0 brcc  :   0 brcs  :   0 break :   0 breq  :   2 
brge  :   0 brhc  :   0 brhs  :   0 brid  :   0 brie  :   0 brlo  :   0 
brlt  :   0 brmi  :   0 brne  :  14 brpl  :   0 brsh  :   0 brtc  :   0 
brts  :   0 brvc  :   0 brvs  :   0 bset  :   0 bst   :   0 call  :   0 
cbi   :   0 cbr   :   0 clc   :   0 clh   :   0 cli   :   1 cln   :   0 
clr   :   2 cls   :   0 clt   :   0 clv   :   0 clz   :   0 com   :   0 
cp    :   3 cpc   :   3 cpi   :   0 cpse  :   0 dec   :   1 des   :   0 
eor   :   0 fmul  :   0 fmuls :   0 fmulsu:   0 icall :   0 ijmp  :   0 
in    :   0 inc   :   0 jmp   :  23 ld    :   6 ldd   :   9 ldi   :  67 
lds   :   0 lpm   :   7 lsl   :   0 lsr   :   0 mov   :   0 movw  :  12 
mul   :   0 muls  :   0 mulsu :   0 neg   :   0 nop   :   0 or    :   0 
ori   :   0 out   :  51 pop   :   0 push  :   0 rcall :  28 ret   :   3 
reti  :   0 rjmp  :  28 rol   :   0 ror   :   0 sbc   :   0 sbci  :   1 
sbi   :   0 sbic  :   9 sbis  :   0 sbiw  :  13 sbr   :   0 sbrc  :   0 
sbrs  :   0 sec   :   0 seh   :   0 sei   :   0 sen   :   0 ser   :   0 
ses   :   0 set   :   0 sev   :   0 sez   :   0 sleep :   0 spm   :   0 
st    :  19 std   :   0 sts   :   0 sub   :   0 subi  :   1 swap  :   0 
tst   :   0 wdr   :   1 
Instructions used: 24 out of 116 (20.7%)

ATmega32 memory use summary [bytes]:
Segment   Begin    End      Code   Data   Used    Size   Use%
---------------------------------------------------------------
[.cseg] 0x000000 0x0002aa    664     18    682   32768   2.1%
[.dseg] 0x000060 0x00026a      0     10     10    2048   0.5%
[.eseg] 0x000000 0x000000      0      0      0    1024   0.0%

Assembly complete, 0 errors, 2 warnings
